Wed Oct 11 17:26:15 2006 :: ...Loading Database
Wed Oct 11 17:26:15 2006 :: Loading Skills...
Wed Oct 11 17:26:15 2006 :: ...skills loaded
Wed Oct 11 17:26:15 2006 :: Loading music styles...
Wed Oct 11 17:26:15 2006 :: ...music styles loaded
Wed Oct 11 17:26:15 2006 :: Loading spells...
Wed Oct 11 17:26:15 2006 :: ...spells loaded
Wed Oct 11 17:26:15 2006 :: Loading Cults...
Wed Oct 11 17:26:15 2006 :: ...Loading cult 'Marduk'...
Wed Oct 11 17:26:15 2006 :: ...Loading cult 'Tsathoggua'...
Wed Oct 11 17:26:15 2006 :: ...Loading cult 'Yog'...
Wed Oct 11 17:26:15 2006 :: ...Loading cult 'Shub'...
Wed Oct 11 17:26:15 2006 :: ...Loading cult 'Bast'...
Wed Oct 11 17:26:15 2006 :: ...Loading cult 'Dagon'...
Wed Oct 11 17:26:15 2006 :: ...Loading cult 'Azathoth'...
Wed Oct 11 17:26:15 2006 :: ...Loading cult 'Nyarlathotep'...
Wed Oct 11 17:26:15 2006 :: ...Loading cult 'Tiamat'...
Wed Oct 11 17:26:15 2006 :: ...Loading cult 'Cthugha'...
Wed Oct 11 17:26:15 2006 :: ...Loading cult 'Abhoth'...
Wed Oct 11 17:26:15 2006 :: ...cults loaded
Wed Oct 11 17:26:15 2006 :: Loading Races...
Wed Oct 11 17:26:15 2006 :: ...Loading race 'human'...
Wed Oct 11 17:26:15 2006 :: ...Loading race 'spider'...
Wed Oct 11 17:26:15 2006 :: ...Loading race 'scorpionmen'...
Wed Oct 11 17:26:15 2006 :: ...Loading race 'satyr'...
Wed Oct 11 17:26:15 2006 :: ...Loading race 'gargoyle'...
Wed Oct 11 17:26:15 2006 :: ...Loading race 'elf'...
Wed Oct 11 17:26:15 2006 :: ...Loading race 'dwarf'...
Wed Oct 11 17:26:15 2006 :: ...Loading race 'highlander'...
Wed Oct 11 17:26:15 2006 :: ...Loading race 'giant'...
Wed Oct 11 17:26:15 2006 :: ...Loading race 'bat'...
Wed Oct 11 17:26:15 2006 :: ...Loading race 'bear'...
Wed Oct 11 17:26:15 2006 :: ...Loading race 'cat'...
Wed Oct 11 17:26:15 2006 :: ...Loading race 'centipede'...
Wed Oct 11 17:26:15 2006 :: ...Loading race 'dog'...
Wed Oct 11 17:26:15 2006 :: ...Loading race 'doll'...
Wed Oct 11 17:26:15 2006 :: ...Loading race 'rat'...
Wed Oct 11 17:26:15 2006 :: ...Loading race 'fox'...
Wed Oct 11 17:26:15 2006 :: ...Loading race 'goblin'...
Wed Oct 11 17:26:15 2006 :: ...Loading race 'hobgoblin'...
Wed Oct 11 17:26:15 2006 :: ...Loading race 'kobold'...
Wed Oct 11 17:26:15 2006 :: ...Loading race 'lizard'...
Wed Oct 11 17:26:15 2006 :: ...Loading race 'machine'...
Wed Oct 11 17:26:15 2006 :: ...Loading race 'orc'...
Wed Oct 11 17:26:15 2006 :: ...Loading race 'cattle'...
Wed Oct 11 17:26:15 2006 :: ...Loading race 'rabbit'...
Wed Oct 11 17:26:15 2006 :: ...Loading race 'monster'...
Wed Oct 11 17:26:15 2006 :: ...Loading race 'snake'...
Wed Oct 11 17:26:15 2006 :: ...Loading race 'bird'...
Wed Oct 11 17:26:15 2006 :: ...Loading race 'troll'...
Wed Oct 11 17:26:15 2006 :: ...Loading race 'water fowl'...
Wed Oct 11 17:26:15 2006 :: ...Loading race 'wolf'...
Wed Oct 11 17:26:15 2006 :: ...Loading race 'wyvern'...
Wed Oct 11 17:26:15 2006 :: ...Loading race 'undead'...
Wed Oct 11 17:26:15 2006 :: ...Loading race 'demon'...
Wed Oct 11 17:26:15 2006 :: ...Loading race 'avatar'...
Wed Oct 11 17:26:15 2006 :: ...Loading race 'deep one'...
Wed Oct 11 17:26:15 2006 :: ...Loading race 'snake people'...
Wed Oct 11 17:26:15 2006 :: ...Loading race 'mi-go'...
Wed Oct 11 17:26:15 2006 :: ...Loading race 'ghoul'...
Wed Oct 11 17:26:15 2006 :: ...Loading race 'ghast'...
Wed Oct 11 17:26:15 2006 :: ...Loading race 'shambler'...
Wed Oct 11 17:26:15 2006 :: ...Loading race 'byakhee'...
Wed Oct 11 17:26:15 2006 :: ...Loading race 'dragon'...
Wed Oct 11 17:26:15 2006 :: ...Loading race 'fish'...
Wed Oct 11 17:26:15 2006 :: ...Loading race 'zoog'...
Wed Oct 11 17:26:15 2006 :: ...Loading race 'old one'...
Wed Oct 11 17:26:15 2006 :: ...Loading race 'yithian'...
Wed Oct 11 17:26:15 2006 :: ...Loading race 'plant'...
Wed Oct 11 17:26:15 2006 :: ...Loading race 'gug'...
Wed Oct 11 17:26:15 2006 :: ...Loading race 'tcho tcho'...
Wed Oct 11 17:26:15 2006 :: ...Loading race 'insect'...
Wed Oct 11 17:26:15 2006 :: ...Loading race 'ghost'...
Wed Oct 11 17:26:15 2006 :: ...races loaded
Wed Oct 11 17:26:15 2006 :: Loading Professions...
Wed Oct 11 17:26:15 2006 :: Loading profession 'scholar'...
Wed Oct 11 17:26:15 2006 :: Loading profession 'novice'...
Wed Oct 11 17:26:15 2006 :: Loading profession 'apprentice'...
Wed Oct 11 17:26:15 2006 :: Loading profession 'initiate'...
Wed Oct 11 17:26:15 2006 :: Loading profession 'urchin'...
Wed Oct 11 17:26:15 2006 :: Loading profession 'squire'...
Wed Oct 11 17:26:15 2006 :: Loading profession 'dark squire'...
Wed Oct 11 17:26:15 2006 :: Loading profession 'journeyman'...
Wed Oct 11 17:26:15 2006 :: Loading profession 'warrior'...
Wed Oct 11 17:26:15 2006 :: Loading profession 'scout'...
Wed Oct 11 17:26:15 2006 :: Loading profession 'mage'...
Wed Oct 11 17:26:15 2006 :: Loading profession 'necromancer'...
Wed Oct 11 17:26:15 2006 :: Loading profession 'paladin'...
Wed Oct 11 17:26:15 2006 :: Loading profession 'arms master'...
Wed Oct 11 17:26:15 2006 :: Loading profession 'ranger'...
Wed Oct 11 17:26:15 2006 :: Loading profession 'wizard'...
Wed Oct 11 17:26:15 2006 :: Loading profession 'druid'...
Wed Oct 11 17:26:15 2006 :: Loading profession 'npc scholar'...
Wed Oct 11 17:26:15 2006 :: Loading profession 'dreamlands houri'...
Wed Oct 11 17:26:15 2006 :: Loading profession 'npc soldier'...
Wed Oct 11 17:26:15 2006 :: Loading profession 'dreamlands warrior'...
Wed Oct 11 17:26:15 2006 :: Loading profession 'dreamlands monk'...
Wed Oct 11 17:26:15 2006 :: Loading profession 'dreamlands mage'...
Wed Oct 11 17:26:15 2006 :: Loading profession 'dreamlands thief'...
Wed Oct 11 17:26:15 2006 :: Loading profession 'dreamlands good priest'...
Wed Oct 11 17:26:15 2006 :: Loading profession 'dreamlands chaosmage'...
Wed Oct 11 17:26:15 2006 :: Loading profession 'dreamlands evil priest'...
Wed Oct 11 17:26:15 2006 :: Loading profession 'mob mage'...
Wed Oct 11 17:26:15 2006 :: Loading profession 'mob good priest'...
Wed Oct 11 17:26:15 2006 :: Loading profession 'mob evil priest'...
Wed Oct 11 17:26:15 2006 :: Loading profession 'mob monster'...
Wed Oct 11 17:26:15 2006 :: Loading profession 'mob undead'...
Wed Oct 11 17:26:15 2006 :: Loading profession 'mob adept'...
Wed Oct 11 17:26:15 2006 :: Loading profession 'mob clan healer'...
Wed Oct 11 17:26:15 2006 :: ...professions loaded
Wed Oct 11 17:26:15 2006 :: Loading Societies...
Wed Oct 11 17:26:15 2006 :: ...societies loaded
Wed Oct 11 17:26:15 2006 :: Loading Society Members...
Wed Oct 11 17:26:15 2006 :: ...society memberships loaded
Wed Oct 11 17:26:15 2006 :: Loading socials
Wed Oct 11 17:26:15 2006 :: ...loaded
Wed Oct 11 17:26:15 2006 :: Loading Areas...
Wed Oct 11 17:26:15 2006 :: ...Loading: help.are
Wed Oct 11 17:26:15 2006 :: ...Loading: limbo.are
Wed Oct 11 17:26:15 2006 :: ...Loading: system.are
Wed Oct 11 17:26:15 2006 :: ...Loading: pattern.are
Wed Oct 11 17:26:15 2006 :: ...Loading: proper.are
Wed Oct 11 17:26:15 2006 :: ...Loading: dream.are
Wed Oct 11 17:26:15 2006 :: ...Loading: darkgard.are
Wed Oct 11 17:26:15 2006 :: ...Loading: immort.are
Wed Oct 11 17:26:15 2006 :: ...Loading: ofcol2.are
Wed Oct 11 17:26:15 2006 :: ...Loading: shire.are
Wed Oct 11 17:26:15 2006 :: ...Loading: midgaard.are
Wed Oct 11 17:26:15 2006 :: ...Loading: plains.are
Wed Oct 11 17:26:15 2006 :: ...Loading: haon.are
Wed Oct 11 17:26:15 2006 :: ...Loading: air.are
Wed Oct 11 17:26:15 2006 :: ...Loading: arachnos.are
Wed Oct 11 17:26:15 2006 :: ...Loading: astral.are
Wed Oct 11 17:26:15 2006 :: ...Loading: canyon.are
Wed Oct 11 17:26:15 2006 :: ...Loading: catacomb.are
Wed Oct 11 17:26:15 2006 :: ...Loading: chapel.are
Wed Oct 11 17:26:15 2006 :: ...Loading: daycare.are
Wed Oct 11 17:26:15 2006 :: ...Loading: draconia.are
Wed Oct 11 17:26:15 2006 :: ...Loading: drow.are
Wed Oct 11 17:26:15 2006 :: ...Loading: thalos.are
Wed Oct 11 17:26:15 2006 :: ...Loading: dwarven.are
Wed Oct 11 17:26:15 2006 :: ...Loading: dylan.are
Wed Oct 11 17:26:15 2006 :: ...Loading: eastern.are
Wed Oct 11 17:26:15 2006 :: ...Loading: galaxy.are
Wed Oct 11 17:26:15 2006 :: ...Loading: gnome.are
Wed Oct 11 17:26:15 2006 :: ...Loading: grave.are
Wed Oct 11 17:26:15 2006 :: ...Loading: grove.are
Wed Oct 11 17:26:15 2006 :: ...Loading: hitower.are
Wed Oct 11 17:26:15 2006 :: ...Loading: hood.are
Wed Oct 11 17:26:15 2006 :: ...Loading: mahntor.are
Wed Oct 11 17:26:15 2006 :: ...Loading: marsh.are
Wed Oct 11 17:26:15 2006 :: ...Loading: mega1.are
Wed Oct 11 17:26:15 2006 :: ...Loading: midennir.are
Wed Oct 11 17:26:15 2006 :: ...Loading: mirror.are
Wed Oct 11 17:26:15 2006 :: ...Loading: mobfact.are
Wed Oct 11 17:26:15 2006 :: ...Loading: moria.are
Wed Oct 11 17:26:15 2006 :: ...Loading: newthalos.are
Wed Oct 11 17:26:15 2006 :: ...Loading: nirvana.are
Wed Oct 11 17:26:15 2006 :: ...Loading: ofcol.are
Wed Oct 11 17:26:15 2006 :: ...Loading: olympus.are
Wed Oct 11 17:26:15 2006 :: ...Loading: pyramid.are
Wed Oct 11 17:26:15 2006 :: ...Loading: quifael.are
Wed Oct 11 17:26:15 2006 :: ...Loading: sewer.are
Wed Oct 11 17:26:15 2006 :: ...Loading: redferne.are
Wed Oct 11 17:26:15 2006 :: ...Loading: school.are
Wed Oct 11 17:26:15 2006 :: ...Loading: tohell.are
Wed Oct 11 17:26:15 2006 :: ...Loading: trollden.are
Wed Oct 11 17:26:15 2006 :: ...Loading: valley.are
Wed Oct 11 17:26:15 2006 :: ...Loading: wyvern.are
Wed Oct 11 17:26:15 2006 :: ...areas loaded
Wed Oct 11 17:26:15 2006 :: Loading Banks...
Wed Oct 11 17:26:15 2006 :: No bank records!
Wed Oct 11 17:26:15 2006 :: Loading Shares...
Wed Oct 11 17:26:15 2006 :: Loading shares 'general electric'...
Wed Oct 11 17:26:15 2006 :: Loading shares 'virginia coal and iron'...
Wed Oct 11 17:26:15 2006 :: Loading shares 'the floating vagabond'...
Wed Oct 11 17:26:15 2006 :: Loading shares 'ford motor company'...
Wed Oct 11 17:26:15 2006 :: ...shares loaded
Wed Oct 11 17:26:15 2006 :: Building exp table...
Wed Oct 11 17:26:15 2006 :: ...exp table built
Wed Oct 11 17:26:15 2006 :: Loading Lease Information...
Wed Oct 11 17:26:15 2006 :: Loading Disabled Commands...
Wed Oct 11 17:26:15 2006 :: Building wizcommands...
Wed Oct 11 17:26:15 2006 :: Loading profile...
Wed Oct 11 17:26:15 2006 :: [*****] BUG: Mud booting in Free PK mode!
Wed Oct 11 17:26:15 2006 :: [*****] BUG: Mud booting in immortal mode!
Wed Oct 11 17:26:15 2006 :: [*****] BUG: Mud booting in base level mode!
Wed Oct 11 17:26:15 2006 :: [*****] BUG: Mud booting in OLC autosave mode!
Wed Oct 11 17:26:15 2006 :: [*****] BUG: Mud booting in BALANCED mode!
Wed Oct 11 17:26:15 2006 :: ...profile loaded
Wed Oct 11 17:26:15 2006 :: Loading bans...
Wed Oct 11 17:26:15 2006 :: ... ban loaded.
Wed Oct 11 17:26:15 2006 :: Loading Help Index...
Wed Oct 11 17:26:15 2006 :: Loading Rumors...
Wed Oct 11 17:26:15 2006 :: Resolving exits...
Wed Oct 11 17:26:15 2006 :: Checking recalls...
Wed Oct 11 17:26:15 2006 :: Checking profession starts...
Wed Oct 11 17:26:15 2006 :: Boot complete, preparing...
Wed Oct 11 17:26:15 2006 :: Converting objects...
Wed Oct 11 17:26:15 2006 :: Resetting areas...
Wed Oct 11 17:26:15 2006 :: Artifacts forwarded...
Wed Oct 11 17:26:15 2006 :: Loading boards...
Wed Oct 11 17:26:15 2006 :: Loading songs...
Wed Oct 11 17:26:15 2006 :: Loading Passports...
Wed Oct 11 17:26:15 2006 :: Loading partners...
Wed Oct 11 17:26:15 2006 :: ...Database loaded
Wed Oct 11 17:26:15 2006 :: Opening socket...
Wed Oct 11 17:26:15 2006 :: Cthulhumud accepting connections on port 9999.
Wed Oct 11 17:26:15 2006 :: Connecting partners...
Wed Oct 11 17:26:17 2006 :: Artifacts saved.
Wed Oct 11 17:26:17 2006 :: Saving Morgues:
Wed Oct 11 17:26:23 2006 :: Sock.sinaddr:  127.0.0.1
Wed Oct 11 17:26:37 2006 :: Kyndig@127.0.0.1 new player.
Wed Oct 11 17:27:02 2006 :: Artifacts saved.
Wed Oct 11 17:27:02 2006 :: Saving Morgues:
Wed Oct 11 17:27:48 2006 :: Artifacts saved.
Wed Oct 11 17:27:48 2006 :: Saving Morgues:
Wed Oct 11 17:27:48 2006 :: Saving Mana:
Wed Oct 11 17:27:48 2006 :: Saving Stock Market:
Wed Oct 11 17:28:33 2006 :: Artifacts saved.
Wed Oct 11 17:28:33 2006 :: Saving Morgues:
Wed Oct 11 17:28:42 2006 :: ...society memberships saved
Wed Oct 11 17:28:42 2006 :: Saving character:
Wed Oct 11 17:28:42 2006 :: Kyndig
Wed Oct 11 17:28:42 2006 :: saved
Wed Oct 11 17:28:42 2006 :: Saving character:
Wed Oct 11 17:28:42 2006 :: Kyndig
Wed Oct 11 17:28:42 2006 :: saved
Wed Oct 11 17:28:42 2006 :: Saving character:
Wed Oct 11 17:28:42 2006 :: Kyndig
Wed Oct 11 17:28:42 2006 :: saved
Wed Oct 11 17:28:59 2006 :: [*****] BUG: Mppurge - Bad argument: vnum 11.
Wed Oct 11 17:29:18 2006 :: Saving character:
Wed Oct 11 17:29:18 2006 :: Kyndig
Wed Oct 11 17:29:18 2006 :: saved
Wed Oct 11 17:29:18 2006 :: Artifacts saved.
Wed Oct 11 17:29:18 2006 :: Saving Morgues:
Wed Oct 11 17:29:32 2006 :: Kyndig has quit.
Wed Oct 11 17:29:32 2006 :: Saving character:
Wed Oct 11 17:29:32 2006 :: Kyndig
Wed Oct 11 17:29:32 2006 :: saved
